<?xml version="1.0" encoding="UTF-8"?>
<!-- Generated by org.testng.reporters.JUnitReportReporter -->
<testsuite hostname="DESKTOP-BI1B4UJ" failures="0" tests="1" name="Main" time="5.933" errors="0" timestamp="2024-04-14T19:32:25 EEST" skipped="0">
  <testcase classname="Main" name="test" time="5.933"/>
</testsuite> <!-- Main -->
